<?xml version="1.0" encoding="UTF-8"?>
<!-- Generated by org.testng.reporters.JUnitReportReporter -->
<testsuite skipped="0" hostname="DESKTOP-BPQ27MO" name="mypack.Project1" tests="1" failures="0" timestamp="2023-04-04T17:07:34 IST" time="41.204" errors="0">
  <testcase name="method" time="41.204" classname="mypack.Project1"/>
  <system-out/>
</testsuite> <!-- mypack.Project1 -->
